# JRE version: OpenJDK Runtime Environment (8.0_191-b12) (build 1.8.0_191-8u191-b12-0ubuntu0.18.04.1-b12)
# Java VM: OpenJDK 64-Bit Server VM (25.191-b12 mixed mode linux-amd64 compressed oops)
Heap:
 PSYoungGen      total 312320K, used 28667K [0x00000000e0000000, 0x00000000f5300000, 0x0000000100000000)
  eden space 283648K, 0% used [0x00000000e0000000,0x00000000e0000000,0x00000000f1500000)
  from space 28672K, 99% used [0x00000000f1500000,0x00000000f30fed68,0x00000000f3100000)
  to   space 19456K, 0% used [0x00000000f3100000,0x00000000f3100000,0x00000000f4400000)
 ParOldGen       total 80896K, used 71153K [0x00000000a0000000, 0x00000000a4f00000, 0x00000000e0000000)
  object space 80896K, 87% used [0x00000000a0000000,0x00000000a457c750,0x00000000a4f00000)
 Metaspace       used 85747K, capacity 97123K, committed 97152K, reserved 1134592K
  class space    used 11448K, capacity 12157K, committed 12160K, reserved 1048576K
GC Heap History (10 events):
Event: 71,329 GC heap after
Heap after GC invocations=23 (full 5):
 PSYoungGen      total 178176K, used 7701K [0x00000000e0000000, 0x00000000edb80000, 0x0000000100000000)
  eden space 167424K, 0% used [0x00000000e0000000,0x00000000e0000000,0x00000000ea380000)
  from space 10752K, 71% used [0x00000000eae80000,0x00000000eb605590,0x00000000eb900000)
  to   space 11264K, 0% used [0x00000000ea380000,0x00000000ea380000,0x00000000eae80000)
 ParOldGen       total 80896K, used 23461K [0x00000000a0000000, 0x00000000a4f00000, 0x00000000e0000000)
  object space 80896K, 29% used [0x00000000a0000000,0x00000000a16e9730,0x00000000a4f00000)
 Metaspace       used 61599K, capacity 68964K, committed 69248K, reserved 1110016K
  class space    used 8755K, capacity 9223K, committed 9344K, reserved 1048576K
}
Event: 76,603 GC heap before
{Heap before GC invocations=24 (full 5):
 PSYoungGen      total 178176K, used 175125K [0x00000000e0000000, 0x00000000edb80000, 0x0000000100000000)
  eden space 167424K, 100% used [0x00000000e0000000,0x00000000ea380000,0x00000000ea380000)
  from space 10752K, 71% used [0x00000000eae80000,0x00000000eb605590,0x00000000eb900000)
  to   space 11264K, 0% used [0x00000000ea380000,0x00000000ea380000,0x00000000eae80000)
 ParOldGen       total 80896K, used 23461K [0x00000000a0000000, 0x00000000a4f00000, 0x00000000e0000000)
  object space 80896K, 29% used [0x00000000a0000000,0x00000000a16e9730,0x00000000a4f00000)
 Metaspace       used 61666K, capacity 69032K, committed 69248K, reserved 1110016K
  class space    used 8755K, capacity 9223K, committed 9344K, reserved 1048576K
Event: 79,752 GC heap after
Heap after GC invocations=24 (full 5):
 PSYoungGen      total 178688K, used 11251K [0x00000000e0000000, 0x00000000eee00000, 0x0000000100000000)
  eden space 167424K, 0% used [0x00000000e0000000,0x00000000e0000000,0x00000000ea380000)
  from space 11264K, 99% used [0x00000000ea380000,0x00000000eae7cd00,0x00000000eae80000)
  to   space 12800K, 0% used [0x00000000ee180000,0x00000000ee180000,0x00000000eee00000)
 ParOldGen       total 80896K, used 24300K [0x00000000a0000000, 0x00000000a4f00000, 0x00000000e0000000)
  object space 80896K, 30% used [0x00000000a0000000,0x00000000a17bb310,0x00000000a4f00000)
 Metaspace       used 61666K, capacity 69032K, committed 69248K, reserved 1110016K
  class space    used 8755K, capacity 9223K, committed 9344K, reserved 1048576K
}
Event: 80,018 GC heap before
{Heap before GC invocations=25 (full 5):
 PSYoungGen      total 178688K, used 178675K [0x00000000e0000000, 0x00000000eee00000, 0x0000000100000000)
  eden space 167424K, 100% used [0x00000000e0000000,0x00000000ea380000,0x00000000ea380000)
  from space 11264K, 99% used [0x00000000ea380000,0x00000000eae7cd00,0x00000000eae80000)
  to   space 12800K, 0% used [0x00000000ee180000,0x00000000ee180000,0x00000000eee00000)
 ParOldGen       total 80896K, used 24300K [0x00000000a0000000, 0x00000000a4f00000, 0x00000000e0000000)
  object space 80896K, 30% used [0x00000000a0000000,0x00000000a17bb310,0x00000000a4f00000)
 Metaspace       used 61666K, capacity 69032K, committed 69248K, reserved 1110016K
  class space    used 8755K, capacity 9223K, committed 9344K, reserved 1048576K
Event: 82,328 GC heap after
Heap after GC invocations=25 (full 5):
 PSYoungGen      total 229888K, used 10499K [0x00000000e0000000, 0x00000000ef980000, 0x0000000100000000)
  eden space 217088K, 0% used [0x00000000e0000000,0x00000000e0000000,0x00000000ed400000)
  from space 12800K, 82% used [0x00000000ee180000,0x00000000eebc0d10,0x00000000eee00000)
  to   space 13824K, 0% used [0x00000000ed400000,0x00000000ed400000,0x00000000ee180000)
 ParOldGen       total 80896K, used 24308K [0x00000000a0000000, 0x00000000a4f00000, 0x00000000e0000000)
  object space 80896K, 30% used [0x00000000a0000000,0x00000000a17bd310,0x00000000a4f00000)
 Metaspace       used 61666K, capacity 69032K, committed 69248K, reserved 1110016K
  class space    used 8755K, capacity 9223K, committed 9344K, reserved 1048576K
}
Event: 88,594 GC heap before
{Heap before GC invocations=26 (full 5):
 PSYoungGen      total 229888K, used 227587K [0x00000000e0000000, 0x00000000ef980000, 0x0000000100000000)
  eden space 217088K, 100% used [0x00000000e0000000,0x00000000ed400000,0x00000000ed400000)
  from space 12800K, 82% used [0x00000000ee180000,0x00000000eebc0d10,0x00000000eee00000)
  to   space 13824K, 0% used [0x00000000ed400000,0x00000000ed400000,0x00000000ee180000)
 ParOldGen       total 80896K, used 24308K [0x00000000a0000000, 0x00000000a4f00000, 0x00000000e0000000)
  object space 80896K, 30% used [0x00000000a0000000,0x00000000a17bd310,0x00000000a4f00000)
 Metaspace       used 69808K, capacity 77599K, committed 77824K, reserved 1118208K
  class space    used 9502K, capacity 9974K, committed 9984K, reserved 1048576K
Event: 88,622 GC heap after
Heap after GC invocations=26 (full 5):
 PSYoungGen      total 230912K, used 13818K [0x00000000e0000000, 0x00000000f4400000, 0x0000000100000000)
  eden space 217088K, 0% used [0x00000000e0000000,0x00000000e0000000,0x00000000ed400000)
  from space 13824K, 99% used [0x00000000ed400000,0x00000000ee17e9f0,0x00000000ee180000)
  to   space 19456K, 0% used [0x00000000f3100000,0x00000000f3100000,0x00000000f4400000)
 ParOldGen       total 80896K, used 34498K [0x00000000a0000000, 0x00000000a4f00000, 0x00000000e0000000)
  object space 80896K, 42% used [0x00000000a0000000,0x00000000a21b0878,0x00000000a4f00000)
 Metaspace       used 69808K, capacity 77599K, committed 77824K, reserved 1118208K
  class space    used 9502K, capacity 9974K, committed 9984K, reserved 1048576K
}
Event: 147,194 GC heap before
{Heap before GC invocations=27 (full 5):
 PSYoungGen      total 230912K, used 230906K [0x00000000e0000000, 0x00000000f4400000, 0x0000000100000000)
  eden space 217088K, 100% used [0x00000000e0000000,0x00000000ed400000,0x00000000ed400000)
  from space 13824K, 99% used [0x00000000ed400000,0x00000000ee17e9f0,0x00000000ee180000)
  to   space 19456K, 0% used [0x00000000f3100000,0x00000000f3100000,0x00000000f4400000)
 ParOldGen       total 80896K, used 34498K [0x00000000a0000000, 0x00000000a4f00000, 0x00000000e0000000)
  object space 80896K, 42% used [0x00000000a0000000,0x00000000a21b0878,0x00000000a4f00000)
 Metaspace       used 82807K, capacity 93195K, committed 93440K, reserved 1130496K
  class space    used 11026K, capacity 11680K, committed 11776K, reserved 1048576K
Event: 147,326 GC heap after
Heap after GC invocations=27 (full 5):
 PSYoungGen      total 303104K, used 19427K [0x00000000e0000000, 0x00000000f5300000, 0x0000000100000000)
  eden space 283648K, 0% used [0x00000000e0000000,0x00000000e0000000,0x00000000f1500000)
  from space 19456K, 99% used [0x00000000f3100000,0x00000000f43f8e00,0x00000000f4400000)
  to   space 28672K, 0% used [0x00000000f1500000,0x00000000f1500000,0x00000000f3100000)
 ParOldGen       total 80896K, used 50932K [0x00000000a0000000, 0x00000000a4f00000, 0x00000000e0000000)
  object space 80896K, 62% used [0x00000000a0000000,0x00000000a31bd1b8,0x00000000a4f00000)
 Metaspace       used 82807K, capacity 93195K, committed 93440K, reserved 1130496K
  class space    used 11026K, capacity 11680K, committed 11776K, reserved 1048576K
}
Event: 176,347 GC heap before
{Heap before GC invocations=28 (full 5):
 PSYoungGen      total 303104K, used 303075K [0x00000000e0000000, 0x00000000f5300000, 0x0000000100000000)
  eden space 283648K, 100% used [0x00000000e0000000,0x00000000f1500000,0x00000000f1500000)
  from space 19456K, 99% used [0x00000000f3100000,0x00000000f43f8e00,0x00000000f4400000)
  to   space 28672K, 0% used [0x00000000f1500000,0x00000000f1500000,0x00000000f3100000)
 ParOldGen       total 80896K, used 50932K [0x00000000a0000000, 0x00000000a4f00000, 0x00000000e0000000)
  object space 80896K, 62% used [0x00000000a0000000,0x00000000a31bd1b8,0x00000000a4f00000)
 Metaspace       used 85747K, capacity 97123K, committed 97152K, reserved 1134592K
  class space    used 11448K, capacity 12157K, committed 12160K, reserved 1048576K

